# JRE version: Java(TM) SE Runtime Environment (21.0.8+12) (build 21.0.8+12-LTS-250)
# Java VM: Java HotSpot(TM) 64-Bit Server VM (21.0.8+12-LTS-250, mixed mode, sharing, tiered, compressed oops, compressed class ptrs, g1 gc, windows-amd64)
GC Precious Log:
 CardTable entry size: 512
 Card Set container configuration: InlinePtr #cards 4 size 8 Array Of Cards #cards 16 size 48 Howl #buckets 8 coarsen threshold 3686 Howl Bitmap #cards 512 size 80 coarsen threshold 460 Card regions per heap region 1 cards per card region 4096
 CPUs: 8 total, 8 available
 Memory: 16106M
 Large Page Support: Disabled
 NUMA Support: Disabled
 Compressed Oops: Enabled (Zero based)
 Heap Region Size: 2M
 Heap Min Capacity: 8M
 Heap Initial Capacity: 252M
 Heap Max Capacity: 4028M
 Pre-touch: Disabled
 Parallel Workers: 8
 Concurrent Workers: 2
 Concurrent Refinement Workers: 8
 Periodic GC: Disabled
Heap:
 garbage-first heap   total 172032K, used 129511K [0x0000000704400000, 0x0000000800000000)
  region size 2048K, 9 young (18432K), 3 survivors (6144K)
 Metaspace       used 68758K, committed 69120K, reserved 1114112K
  class space    used 7413K, committed 7552K, reserved 1048576K
GC Heap History (20 events):
Event: 5.763 GC heap before
{Heap before GC invocations=12 (full 0):
 garbage-first heap   total 86016K, used 72041K [0x0000000704400000, 0x0000000800000000)
  region size 2048K, 12 young (24576K), 2 survivors (4096K)
 Metaspace       used 49764K, committed 50048K, reserved 1114112K
  class space    used 5852K, committed 5952K, reserved 1048576K
}
Event: 5.775 GC heap after
{Heap after GC invocations=13 (full 0):
 garbage-first heap   total 131072K, used 55135K [0x0000000704400000, 0x0000000800000000)
  region size 2048K, 2 young (4096K), 2 survivors (4096K)
 Metaspace       used 49764K, committed 50048K, reserved 1114112K
  class space    used 5852K, committed 5952K, reserved 1048576K
}
Event: 6.847 GC heap before
{Heap before GC invocations=13 (full 0):
 garbage-first heap   total 131072K, used 100191K [0x0000000704400000, 0x0000000800000000)
  region size 2048K, 25 young (51200K), 2 survivors (4096K)
 Metaspace       used 54612K, committed 54912K, reserved 1114112K
  class space    used 6385K, committed 6528K, reserved 1048576K
}
Event: 6.861 GC heap after
{Heap after GC invocations=14 (full 0):
 garbage-first heap   total 131072K, used 62593K [0x0000000704400000, 0x0000000800000000)
  region size 2048K, 4 young (8192K), 4 survivors (8192K)
 Metaspace       used 54612K, committed 54912K, reserved 1114112K
  class space    used 6385K, committed 6528K, reserved 1048576K
}
Event: 7.715 GC heap before
{Heap before GC invocations=14 (full 0):
 garbage-first heap   total 131072K, used 105601K [0x0000000704400000, 0x0000000800000000)
  region size 2048K, 25 young (51200K), 4 survivors (8192K)
 Metaspace       used 55946K, committed 56256K, reserved 1114112K
  class space    used 6463K, committed 6592K, reserved 1048576K
}
Event: 7.731 GC heap after
{Heap after GC invocations=15 (full 0):
 garbage-first heap   total 131072K, used 71401K [0x0000000704400000, 0x0000000800000000)
  region size 2048K, 4 young (8192K), 4 survivors (8192K)
 Metaspace       used 55946K, committed 56256K, reserved 1114112K
  class space    used 6463K, committed 6592K, reserved 1048576K
}
Event: 8.381 GC heap before
{Heap before GC invocations=15 (full 0):
 garbage-first heap   total 131072K, used 108265K [0x0000000704400000, 0x0000000800000000)
  region size 2048K, 22 young (45056K), 4 survivors (8192K)
 Metaspace       used 56901K, committed 57216K, reserved 1114112K
  class space    used 6495K, committed 6656K, reserved 1048576K
}
Event: 8.396 GC heap after
{Heap after GC invocations=16 (full 0):
 garbage-first heap   total 131072K, used 77798K [0x0000000704400000, 0x0000000800000000)
  region size 2048K, 3 young (6144K), 3 survivors (6144K)
 Metaspace       used 56901K, committed 57216K, reserved 1114112K
  class space    used 6495K, committed 6656K, reserved 1048576K
}
Event: 8.969 GC heap before
{Heap before GC invocations=17 (full 0):
 garbage-first heap   total 137216K, used 112614K [0x0000000704400000, 0x0000000800000000)
  region size 2048K, 20 young (40960K), 3 survivors (6144K)
 Metaspace       used 57654K, committed 57920K, reserved 1114112K
  class space    used 6520K, committed 6656K, reserved 1048576K
}
Event: 8.983 GC heap after
{Heap after GC invocations=18 (full 0):
 garbage-first heap   total 137216K, used 84468K [0x0000000704400000, 0x0000000800000000)
  region size 2048K, 3 young (6144K), 3 survivors (6144K)
 Metaspace       used 57654K, committed 57920K, reserved 1114112K
  class space    used 6520K, committed 6656K, reserved 1048576K
}
Event: 9.860 GC heap before
{Heap before GC invocations=18 (full 0):
 garbage-first heap   total 137216K, used 115188K [0x0000000704400000, 0x0000000800000000)
  region size 2048K, 19 young (38912K), 3 survivors (6144K)
 Metaspace       used 61177K, committed 61440K, reserved 1114112K
  class space    used 6798K, committed 6912K, reserved 1048576K
}
Event: 9.875 GC heap after
{Heap after GC invocations=19 (full 0):
 garbage-first heap   total 165888K, used 86034K [0x0000000704400000, 0x0000000800000000)
  region size 2048K, 2 young (4096K), 2 survivors (4096K)
 Metaspace       used 61177K, committed 61440K, reserved 1114112K
  class space    used 6798K, committed 6912K, reserved 1048576K
}
Event: 10.534 GC heap before
{Heap before GC invocations=19 (full 0):
 garbage-first heap   total 165888K, used 135186K [0x0000000704400000, 0x0000000800000000)
  region size 2048K, 26 young (53248K), 2 survivors (4096K)
 Metaspace       used 61786K, committed 62144K, reserved 1114112K
  class space    used 6816K, committed 6976K, reserved 1048576K
}
Event: 10.552 GC heap after
{Heap after GC invocations=20 (full 0):
 garbage-first heap   total 165888K, used 95782K [0x0000000704400000, 0x0000000800000000)
  region size 2048K, 4 young (8192K), 4 survivors (8192K)
 Metaspace       used 61786K, committed 62144K, reserved 1114112K
  class space    used 6816K, committed 6976K, reserved 1048576K
}
Event: 11.006 GC heap before
{Heap before GC invocations=21 (full 0):
 garbage-first heap   total 172032K, used 140838K [0x0000000704400000, 0x0000000800000000)
  region size 2048K, 26 young (53248K), 4 survivors (8192K)
 Metaspace       used 62079K, committed 62400K, reserved 1114112K
  class space    used 6839K, committed 6976K, reserved 1048576K
}
Event: 11.023 GC heap after
{Heap after GC invocations=22 (full 0):
 garbage-first heap   total 172032K, used 105377K [0x0000000704400000, 0x0000000800000000)
  region size 2048K, 4 young (8192K), 4 survivors (8192K)
 Metaspace       used 62079K, committed 62400K, reserved 1114112K
  class space    used 6839K, committed 6976K, reserved 1048576K
}
Event: 11.468 GC heap before
{Heap before GC invocations=22 (full 0):
 garbage-first heap   total 172032K, used 148385K [0x0000000704400000, 0x0000000800000000)
  region size 2048K, 25 young (51200K), 4 survivors (8192K)
 Metaspace       used 65060K, committed 65408K, reserved 1114112K
  class space    used 7091K, committed 7232K, reserved 1048576K
}
Event: 11.484 GC heap after
{Heap after GC invocations=23 (full 0):
 garbage-first heap   total 172032K, used 112905K [0x0000000704400000, 0x0000000800000000)
  region size 2048K, 4 young (8192K), 4 survivors (8192K)
 Metaspace       used 65060K, committed 65408K, reserved 1114112K
  class space    used 7091K, committed 7232K, reserved 1048576K
}
Event: 12.156 GC heap before
{Heap before GC invocations=23 (full 0):
 garbage-first heap   total 172032K, used 149769K [0x0000000704400000, 0x0000000800000000)
  region size 2048K, 22 young (45056K), 4 survivors (8192K)
 Metaspace       used 68479K, committed 68864K, reserved 1114112K
  class space    used 7398K, committed 7552K, reserved 1048576K
}
Event: 12.168 GC heap after
{Heap after GC invocations=24 (full 0):
 garbage-first heap   total 172032K, used 119271K [0x0000000704400000, 0x0000000800000000)
  region size 2048K, 3 young (6144K), 3 survivors (6144K)
 Metaspace       used 68479K, committed 68864K, reserved 1114112K
  class space    used 7398K, committed 7552K, reserved 1048576K
}

