# JRE version: Java(TM) SE Runtime Environment (21.0.8+12) (build 21.0.8+12-LTS-250)
# Java VM: Java HotSpot(TM) 64-Bit Server VM (21.0.8+12-LTS-250, mixed mode, sharing, tiered, compressed oops, compressed class ptrs, g1 gc, windows-amd64)
GC Precious Log:
 CardTable entry size: 512
 Card Set container configuration: InlinePtr #cards 5 size 8 Array Of Cards #cards 12 size 40 Howl #buckets 4 coarsen threshold 1843 Howl Bitmap #cards 512 size 80 coarsen threshold 460 Card regions per heap region 1 cards per card region 2048
 CPUs: 8 total, 8 available
 Memory: 16106M
 Large Page Support: Disabled
 NUMA Support: Disabled
 Compressed Oops: Enabled (32-bit)
 Heap Region Size: 1M
 Heap Min Capacity: 8M
 Heap Initial Capacity: 252M
 Heap Max Capacity: 2G
 Pre-touch: Disabled
 Parallel Workers: 8
 Concurrent Workers: 2
 Concurrent Refinement Workers: 8
 Periodic GC: Disabled
Heap:
 garbage-first heap   total 211968K, used 188211K [0x0000000080000000, 0x0000000100000000)
  region size 1024K, 31 young (31744K), 7 survivors (7168K)
 Metaspace       used 110562K, committed 112960K, reserved 1179648K
  class space    used 15189K, committed 16384K, reserved 1048576K
GC Heap History (20 events):
Event: 8.811 GC heap before
{Heap before GC invocations=25 (full 0):
 garbage-first heap   total 158720K, used 130005K [0x0000000080000000, 0x0000000100000000)
  region size 1024K, 43 young (44032K), 6 survivors (6144K)
 Metaspace       used 80400K, committed 82560K, reserved 1179648K
  class space    used 11085K, committed 12160K, reserved 1048576K
}
Event: 8.815 GC heap after
{Heap after GC invocations=26 (full 0):
 garbage-first heap   total 158720K, used 94732K [0x0000000080000000, 0x0000000100000000)
  region size 1024K, 3 young (3072K), 3 survivors (3072K)
 Metaspace       used 80400K, committed 82560K, reserved 1179648K
  class space    used 11085K, committed 12160K, reserved 1048576K
}
Event: 9.328 GC heap before
{Heap before GC invocations=26 (full 0):
 garbage-first heap   total 158720K, used 145932K [0x0000000080000000, 0x0000000100000000)
  region size 1024K, 52 young (53248K), 3 survivors (3072K)
 Metaspace       used 84434K, committed 86592K, reserved 1179648K
  class space    used 11742K, committed 12800K, reserved 1048576K
}
Event: 9.331 GC heap after
{Heap after GC invocations=27 (full 0):
 garbage-first heap   total 158720K, used 95086K [0x0000000080000000, 0x0000000100000000)
  region size 1024K, 4 young (4096K), 4 survivors (4096K)
 Metaspace       used 84434K, committed 86592K, reserved 1179648K
  class space    used 11742K, committed 12800K, reserved 1048576K
}
Event: 9.806 GC heap before
{Heap before GC invocations=27 (full 0):
 garbage-first heap   total 158720K, used 144238K [0x0000000080000000, 0x0000000100000000)
  region size 1024K, 52 young (53248K), 4 survivors (4096K)
 Metaspace       used 87916K, committed 90112K, reserved 1179648K
  class space    used 12276K, committed 13376K, reserved 1048576K
}
Event: 9.811 GC heap after
{Heap after GC invocations=28 (full 0):
 garbage-first heap   total 190464K, used 97785K [0x0000000080000000, 0x0000000100000000)
  region size 1024K, 6 young (6144K), 6 survivors (6144K)
 Metaspace       used 87916K, committed 90112K, reserved 1179648K
  class space    used 12276K, committed 13376K, reserved 1048576K
}
Event: 10.452 GC heap before
{Heap before GC invocations=29 (full 0):
 garbage-first heap   total 190464K, used 173561K [0x0000000080000000, 0x0000000100000000)
  region size 1024K, 80 young (81920K), 6 survivors (6144K)
 Metaspace       used 92878K, committed 95168K, reserved 1179648K
  class space    used 13018K, committed 14208K, reserved 1048576K
}
Event: 10.457 GC heap after
{Heap after GC invocations=30 (full 0):
 garbage-first heap   total 190464K, used 101568K [0x0000000080000000, 0x0000000100000000)
  region size 1024K, 8 young (8192K), 8 survivors (8192K)
 Metaspace       used 92878K, committed 95168K, reserved 1179648K
  class space    used 13018K, committed 14208K, reserved 1048576K
}
Event: 11.050 GC heap before
{Heap before GC invocations=30 (full 0):
 garbage-first heap   total 190464K, used 171200K [0x0000000080000000, 0x0000000100000000)
  region size 1024K, 76 young (77824K), 8 survivors (8192K)
 Metaspace       used 97688K, committed 99968K, reserved 1179648K
  class space    used 13650K, committed 14784K, reserved 1048576K
}
Event: 11.057 GC heap after
{Heap after GC invocations=31 (full 0):
 garbage-first heap   total 190464K, used 105470K [0x0000000080000000, 0x0000000100000000)
  region size 1024K, 9 young (9216K), 9 survivors (9216K)
 Metaspace       used 97688K, committed 99968K, reserved 1179648K
  class space    used 13650K, committed 14784K, reserved 1048576K
}
Event: 11.599 GC heap before
{Heap before GC invocations=31 (full 0):
 garbage-first heap   total 190464K, used 169982K [0x0000000080000000, 0x0000000100000000)
  region size 1024K, 72 young (73728K), 9 survivors (9216K)
 Metaspace       used 102023K, committed 104384K, reserved 1179648K
  class space    used 14172K, committed 15360K, reserved 1048576K
}
Event: 11.605 GC heap after
{Heap after GC invocations=32 (full 0):
 garbage-first heap   total 190464K, used 110942K [0x0000000080000000, 0x0000000100000000)
  region size 1024K, 6 young (6144K), 6 survivors (6144K)
 Metaspace       used 102023K, committed 104384K, reserved 1179648K
  class space    used 14172K, committed 15360K, reserved 1048576K
}
Event: 12.196 GC heap before
{Heap before GC invocations=33 (full 0):
 garbage-first heap   total 193536K, used 173406K [0x0000000080000000, 0x0000000100000000)
  region size 1024K, 67 young (68608K), 6 survivors (6144K)
 Metaspace       used 104389K, committed 106752K, reserved 1179648K
  class space    used 14519K, committed 15744K, reserved 1048576K
}
Event: 12.204 GC heap after
{Heap after GC invocations=34 (full 0):
 garbage-first heap   total 193536K, used 118782K [0x0000000080000000, 0x0000000100000000)
  region size 1024K, 8 young (8192K), 8 survivors (8192K)
 Metaspace       used 104389K, committed 106752K, reserved 1179648K
  class space    used 14519K, committed 15744K, reserved 1048576K
}
Event: 12.559 GC heap before
{Heap before GC invocations=34 (full 0):
 garbage-first heap   total 193536K, used 178174K [0x0000000080000000, 0x0000000100000000)
  region size 1024K, 62 young (63488K), 8 survivors (8192K)
 Metaspace       used 105955K, committed 108288K, reserved 1179648K
  class space    used 14678K, committed 15872K, reserved 1048576K
}
Event: 12.565 GC heap after
{Heap after GC invocations=35 (full 0):
 garbage-first heap   total 193536K, used 121341K [0x0000000080000000, 0x0000000100000000)
  region size 1024K, 6 young (6144K), 6 survivors (6144K)
 Metaspace       used 105955K, committed 108288K, reserved 1179648K
  class space    used 14678K, committed 15872K, reserved 1048576K
}
Event: 12.637 GC heap before
{Heap before GC invocations=35 (full 0):
 garbage-first heap   total 193536K, used 129533K [0x0000000080000000, 0x0000000100000000)
  region size 1024K, 16 young (16384K), 6 survivors (6144K)
 Metaspace       used 106248K, committed 108672K, reserved 1179648K
  class space    used 14715K, committed 15936K, reserved 1048576K
}
Event: 12.639 GC heap after
{Heap after GC invocations=36 (full 0):
 garbage-first heap   total 193536K, used 121743K [0x0000000080000000, 0x0000000100000000)
  region size 1024K, 2 young (2048K), 2 survivors (2048K)
 Metaspace       used 106248K, committed 108672K, reserved 1179648K
  class space    used 14715K, committed 15936K, reserved 1048576K
}
Event: 13.327 GC heap before
{Heap before GC invocations=37 (full 0):
 garbage-first heap   total 211968K, used 176015K [0x0000000080000000, 0x0000000100000000)
  region size 1024K, 53 young (54272K), 2 survivors (2048K)
 Metaspace       used 109363K, committed 111744K, reserved 1179648K
  class space    used 15069K, committed 16256K, reserved 1048576K
}
Event: 13.334 GC heap after
{Heap after GC invocations=38 (full 0):
 garbage-first heap   total 211968K, used 140083K [0x0000000080000000, 0x0000000100000000)
  region size 1024K, 7 young (7168K), 7 survivors (7168K)
 Metaspace       used 109363K, committed 111744K, reserved 1179648K
  class space    used 15069K, committed 16256K, reserved 1048576K
}

