# JRE version: Java(TM) SE Runtime Environment (21.0.8+12) (build 21.0.8+12-LTS-250)
# Java VM: Java HotSpot(TM) 64-Bit Server VM (21.0.8+12-LTS-250, mixed mode, sharing, tiered, compressed oops, compressed class ptrs, g1 gc, windows-amd64)
GC Precious Log:
 CardTable entry size: 512
 Card Set container configuration: InlinePtr #cards 5 size 8 Array Of Cards #cards 12 size 40 Howl #buckets 4 coarsen threshold 1843 Howl Bitmap #cards 512 size 80 coarsen threshold 460 Card regions per heap region 1 cards per card region 2048
 CPUs: 8 total, 8 available
 Memory: 16106M
 Large Page Support: Disabled
 NUMA Support: Disabled
 Compressed Oops: Enabled (32-bit)
 Heap Region Size: 1M
 Heap Min Capacity: 8M
 Heap Initial Capacity: 252M
 Heap Max Capacity: 2G
 Pre-touch: Disabled
 Parallel Workers: 8
 Concurrent Workers: 2
 Concurrent Refinement Workers: 8
 Periodic GC: Disabled
Heap:
 garbage-first heap   total 176128K, used 124809K [0x0000000080000000, 0x0000000100000000)
  region size 1024K, 23 young (23552K), 8 survivors (8192K)
 Metaspace       used 99765K, committed 102080K, reserved 1179648K
  class space    used 13949K, committed 15104K, reserved 1048576K
GC Heap History (20 events):
Event: 15.301 GC heap before
{Heap before GC invocations=28 (full 0):
 garbage-first heap   total 142336K, used 114934K [0x0000000080000000, 0x0000000100000000)
  region size 1024K, 37 young (37888K), 3 survivors (3072K)
 Metaspace       used 71737K, committed 73792K, reserved 1114112K
  class space    used 9866K, committed 10944K, reserved 1048576K
}
Event: 15.304 GC heap after
{Heap after GC invocations=29 (full 0):
 garbage-first heap   total 142336K, used 81793K [0x0000000080000000, 0x0000000100000000)
  region size 1024K, 4 young (4096K), 4 survivors (4096K)
 Metaspace       used 71737K, committed 73792K, reserved 1114112K
  class space    used 9866K, committed 10944K, reserved 1048576K
}
Event: 16.060 GC heap before
{Heap before GC invocations=29 (full 0):
 garbage-first heap   total 142336K, used 131969K [0x0000000080000000, 0x0000000100000000)
  region size 1024K, 50 young (51200K), 4 survivors (4096K)
 Metaspace       used 75319K, committed 77376K, reserved 1179648K
  class space    used 10366K, committed 11392K, reserved 1048576K
}
Event: 16.065 GC heap after
{Heap after GC invocations=30 (full 0):
 garbage-first heap   total 142336K, used 86580K [0x0000000080000000, 0x0000000100000000)
  region size 1024K, 6 young (6144K), 6 survivors (6144K)
 Metaspace       used 75319K, committed 77376K, reserved 1179648K
  class space    used 10366K, committed 11392K, reserved 1048576K
}
Event: 16.502 GC heap before
{Heap before GC invocations=30 (full 0):
 garbage-first heap   total 142336K, used 127540K [0x0000000080000000, 0x0000000100000000)
  region size 1024K, 46 young (47104K), 6 survivors (6144K)
 Metaspace       used 76956K, committed 79040K, reserved 1179648K
  class space    used 10611K, committed 11648K, reserved 1048576K
}
Event: 16.508 GC heap after
{Heap after GC invocations=31 (full 0):
 garbage-first heap   total 142336K, used 90460K [0x0000000080000000, 0x0000000100000000)
  region size 1024K, 6 young (6144K), 6 survivors (6144K)
 Metaspace       used 76956K, committed 79040K, reserved 1179648K
  class space    used 10611K, committed 11648K, reserved 1048576K
}
Event: 16.976 GC heap before
{Heap before GC invocations=32 (full 0):
 garbage-first heap   total 163840K, used 127324K [0x0000000080000000, 0x0000000100000000)
  region size 1024K, 42 young (43008K), 6 survivors (6144K)
 Metaspace       used 78853K, committed 81024K, reserved 1179648K
  class space    used 10841K, committed 11904K, reserved 1048576K
}
Event: 16.982 GC heap after
{Heap after GC invocations=33 (full 0):
 garbage-first heap   total 163840K, used 93306K [0x0000000080000000, 0x0000000100000000)
  region size 1024K, 4 young (4096K), 4 survivors (4096K)
 Metaspace       used 78853K, committed 81024K, reserved 1179648K
  class space    used 10841K, committed 11904K, reserved 1048576K
}
Event: 17.751 GC heap before
{Heap before GC invocations=33 (full 0):
 garbage-first heap   total 163840K, used 146554K [0x0000000080000000, 0x0000000100000000)
  region size 1024K, 55 young (56320K), 4 survivors (4096K)
 Metaspace       used 82734K, committed 84864K, reserved 1179648K
  class space    used 11446K, committed 12480K, reserved 1048576K
}
Event: 17.755 GC heap after
{Heap after GC invocations=34 (full 0):
 garbage-first heap   total 163840K, used 93975K [0x0000000080000000, 0x0000000100000000)
  region size 1024K, 6 young (6144K), 6 survivors (6144K)
 Metaspace       used 82734K, committed 84864K, reserved 1179648K
  class space    used 11446K, committed 12480K, reserved 1048576K
}
Event: 18.561 GC heap before
{Heap before GC invocations=34 (full 0):
 garbage-first heap   total 163840K, used 147223K [0x0000000080000000, 0x0000000100000000)
  region size 1024K, 58 young (59392K), 6 survivors (6144K)
 Metaspace       used 86975K, committed 89216K, reserved 1179648K
  class space    used 12123K, committed 13248K, reserved 1048576K
}
Event: 18.566 GC heap after
{Heap after GC invocations=35 (full 0):
 garbage-first heap   total 163840K, used 96717K [0x0000000080000000, 0x0000000100000000)
  region size 1024K, 5 young (5120K), 5 survivors (5120K)
 Metaspace       used 86975K, committed 89216K, reserved 1179648K
  class space    used 12123K, committed 13248K, reserved 1048576K
}
Event: 19.222 GC heap before
{Heap before GC invocations=35 (full 0):
 garbage-first heap   total 163840K, used 149965K [0x0000000080000000, 0x0000000100000000)
  region size 1024K, 57 young (58368K), 5 survivors (5120K)
 Metaspace       used 90619K, committed 92928K, reserved 1179648K
  class space    used 12641K, committed 13760K, reserved 1048576K
}
Event: 19.227 GC heap after
{Heap after GC invocations=36 (full 0):
 garbage-first heap   total 163840K, used 99536K [0x0000000080000000, 0x0000000100000000)
  region size 1024K, 8 young (8192K), 8 survivors (8192K)
 Metaspace       used 90619K, committed 92928K, reserved 1179648K
  class space    used 12641K, committed 13760K, reserved 1048576K
}
Event: 19.840 GC heap before
{Heap before GC invocations=37 (full 0):
 garbage-first heap   total 176128K, used 144592K [0x0000000080000000, 0x0000000100000000)
  region size 1024K, 52 young (53248K), 8 survivors (8192K)
 Metaspace       used 93364K, committed 95680K, reserved 1179648K
  class space    used 13111K, committed 14272K, reserved 1048576K
}
Event: 19.846 GC heap after
{Heap after GC invocations=38 (full 0):
 garbage-first heap   total 176128K, used 101368K [0x0000000080000000, 0x0000000100000000)
  region size 1024K, 5 young (5120K), 5 survivors (5120K)
 Metaspace       used 93364K, committed 95680K, reserved 1179648K
  class space    used 13111K, committed 14272K, reserved 1048576K
}
Event: 20.682 GC heap before
{Heap before GC invocations=38 (full 0):
 garbage-first heap   total 176128K, used 159736K [0x0000000080000000, 0x0000000100000000)
  region size 1024K, 62 young (63488K), 5 survivors (5120K)
 Metaspace       used 97629K, committed 99968K, reserved 1179648K
  class space    used 13631K, committed 14784K, reserved 1048576K
}
Event: 20.691 GC heap after
{Heap after GC invocations=39 (full 0):
 garbage-first heap   total 176128K, used 104286K [0x0000000080000000, 0x0000000100000000)
  region size 1024K, 7 young (7168K), 7 survivors (7168K)
 Metaspace       used 97629K, committed 99968K, reserved 1179648K
  class space    used 13631K, committed 14784K, reserved 1048576K
}
Event: 21.458 GC heap before
{Heap before GC invocations=39 (full 0):
 garbage-first heap   total 176128K, used 156510K [0x0000000080000000, 0x0000000100000000)
  region size 1024K, 59 young (60416K), 7 survivors (7168K)
 Metaspace       used 99762K, committed 102080K, reserved 1179648K
  class space    used 13949K, committed 15104K, reserved 1048576K
}
Event: 21.468 GC heap after
{Heap after GC invocations=40 (full 0):
 garbage-first heap   total 176128K, used 110473K [0x0000000080000000, 0x0000000100000000)
  region size 1024K, 8 young (8192K), 8 survivors (8192K)
 Metaspace       used 99762K, committed 102080K, reserved 1179648K
  class space    used 13949K, committed 15104K, reserved 1048576K
}

