# JRE version: Java(TM) SE Runtime Environment (21.0.8+12) (build 21.0.8+12-LTS-250)
# Java VM: Java HotSpot(TM) 64-Bit Server VM (21.0.8+12-LTS-250, mixed mode, sharing, tiered, compressed oops, compressed class ptrs, g1 gc, windows-amd64)
GC Precious Log:
 CardTable entry size: 512
 Card Set container configuration: InlinePtr #cards 5 size 8 Array Of Cards #cards 12 size 40 Howl #buckets 4 coarsen threshold 1843 Howl Bitmap #cards 512 size 80 coarsen threshold 460 Card regions per heap region 1 cards per card region 2048
 CPUs: 8 total, 8 available
 Memory: 16106M
 Large Page Support: Disabled
 NUMA Support: Disabled
 Compressed Oops: Enabled (32-bit)
 Heap Region Size: 1M
 Heap Min Capacity: 8M
 Heap Initial Capacity: 252M
 Heap Max Capacity: 2G
 Pre-touch: Disabled
 Parallel Workers: 8
 Concurrent Workers: 2
 Concurrent Refinement Workers: 8
 Periodic GC: Disabled
Heap:
 garbage-first heap   total 263168K, used 177060K [0x0000000080000000, 0x0000000100000000)
  region size 1024K, 25 young (25600K), 1 survivors (1024K)
 Metaspace       used 104184K, committed 106624K, reserved 1179648K
  class space    used 14384K, committed 15616K, reserved 1048576K
GC Heap History (20 events):
Event: 13.738 GC heap before
{Heap before GC invocations=28 (full 0):
 garbage-first heap   total 152576K, used 124090K [0x0000000080000000, 0x0000000100000000)
  region size 1024K, 39 young (39936K), 7 survivors (7168K)
 Metaspace       used 80487K, committed 82624K, reserved 1179648K
  class space    used 11071K, committed 12160K, reserved 1048576K
}
Event: 13.744 GC heap after
{Heap after GC invocations=29 (full 0):
 garbage-first heap   total 152576K, used 94505K [0x0000000080000000, 0x0000000100000000)
  region size 1024K, 3 young (3072K), 3 survivors (3072K)
 Metaspace       used 80487K, committed 82624K, reserved 1179648K
  class space    used 11071K, committed 12160K, reserved 1048576K
}
Event: 14.499 GC heap before
{Heap before GC invocations=30 (full 0):
 garbage-first heap   total 167936K, used 140585K [0x0000000080000000, 0x0000000100000000)
  region size 1024K, 47 young (48128K), 3 survivors (3072K)
 Metaspace       used 84055K, committed 86208K, reserved 1179648K
  class space    used 11658K, committed 12736K, reserved 1048576K
}
Event: 14.502 GC heap after
{Heap after GC invocations=31 (full 0):
 garbage-first heap   total 167936K, used 95232K [0x0000000080000000, 0x0000000100000000)
  region size 1024K, 3 young (3072K), 3 survivors (3072K)
 Metaspace       used 84055K, committed 86208K, reserved 1179648K
  class space    used 11658K, committed 12736K, reserved 1048576K
}
Event: 15.166 GC heap before
{Heap before GC invocations=31 (full 0):
 garbage-first heap   total 167936K, used 153600K [0x0000000080000000, 0x0000000100000000)
  region size 1024K, 60 young (61440K), 3 survivors (3072K)
 Metaspace       used 88271K, committed 90560K, reserved 1179648K
  class space    used 12320K, committed 13440K, reserved 1048576K
}
Event: 15.170 GC heap after
{Heap after GC invocations=32 (full 0):
 garbage-first heap   total 167936K, used 96934K [0x0000000080000000, 0x0000000100000000)
  region size 1024K, 6 young (6144K), 6 survivors (6144K)
 Metaspace       used 88271K, committed 90560K, reserved 1179648K
  class space    used 12320K, committed 13440K, reserved 1048576K
}
Event: 15.987 GC heap before
{Heap before GC invocations=32 (full 0):
 garbage-first heap   total 167936K, used 152230K [0x0000000080000000, 0x0000000100000000)
  region size 1024K, 60 young (61440K), 6 survivors (6144K)
 Metaspace       used 91839K, committed 94144K, reserved 1179648K
  class space    used 12806K, committed 13952K, reserved 1048576K
}
Event: 15.994 GC heap after
{Heap after GC invocations=33 (full 0):
 garbage-first heap   total 167936K, used 100236K [0x0000000080000000, 0x0000000100000000)
  region size 1024K, 8 young (8192K), 8 survivors (8192K)
 Metaspace       used 91839K, committed 94144K, reserved 1179648K
  class space    used 12806K, committed 13952K, reserved 1048576K
}
Event: 16.700 GC heap before
{Heap before GC invocations=34 (full 0):
 garbage-first heap   total 174080K, used 149388K [0x0000000080000000, 0x0000000100000000)
  region size 1024K, 56 young (57344K), 8 survivors (8192K)
 Metaspace       used 96080K, committed 98432K, reserved 1179648K
  class space    used 13419K, committed 14592K, reserved 1048576K
}
Event: 16.707 GC heap after
{Heap after GC invocations=35 (full 0):
 garbage-first heap   total 174080K, used 102761K [0x0000000080000000, 0x0000000100000000)
  region size 1024K, 6 young (6144K), 6 survivors (6144K)
 Metaspace       used 96080K, committed 98432K, reserved 1179648K
  class space    used 13419K, committed 14592K, reserved 1048576K
}
Event: 18.754 GC heap before
{Heap before GC invocations=35 (full 0):
 garbage-first heap   total 174080K, used 158057K [0x0000000080000000, 0x0000000100000000)
  region size 1024K, 60 young (61440K), 6 survivors (6144K)
 Metaspace       used 99575K, committed 101952K, reserved 1179648K
  class space    used 13968K, committed 15168K, reserved 1048576K
}
Event: 18.765 GC heap after
{Heap after GC invocations=36 (full 0):
 garbage-first heap   total 174080K, used 106470K [0x0000000080000000, 0x0000000100000000)
  region size 1024K, 8 young (8192K), 8 survivors (8192K)
 Metaspace       used 99575K, committed 101952K, reserved 1179648K
  class space    used 13968K, committed 15168K, reserved 1048576K
}
Event: 19.280 GC heap before
{Heap before GC invocations=36 (full 0):
 garbage-first heap   total 174080K, used 155622K [0x0000000080000000, 0x0000000100000000)
  region size 1024K, 56 young (57344K), 8 survivors (8192K)
 Metaspace       used 99933K, committed 102272K, reserved 1179648K
  class space    used 13987K, committed 15168K, reserved 1048576K
}
Event: 19.290 GC heap after
{Heap after GC invocations=37 (full 0):
 garbage-first heap   total 174080K, used 111461K [0x0000000080000000, 0x0000000100000000)
  region size 1024K, 6 young (6144K), 6 survivors (6144K)
 Metaspace       used 99933K, committed 102272K, reserved 1179648K
  class space    used 13987K, committed 15168K, reserved 1048576K
}
Event: 19.953 GC heap before
{Heap before GC invocations=38 (full 0):
 garbage-first heap   total 214016K, used 159589K [0x0000000080000000, 0x0000000100000000)
  region size 1024K, 49 young (50176K), 6 survivors (6144K)
 Metaspace       used 101926K, committed 104256K, reserved 1179648K
  class space    used 14191K, committed 15360K, reserved 1048576K
}
Event: 19.960 GC heap after
{Heap after GC invocations=39 (full 0):
 garbage-first heap   total 214016K, used 114230K [0x0000000080000000, 0x0000000100000000)
  region size 1024K, 6 young (6144K), 6 survivors (6144K)
 Metaspace       used 101926K, committed 104256K, reserved 1179648K
  class space    used 14191K, committed 15360K, reserved 1048576K
}
Event: 21.560 GC heap before
{Heap before GC invocations=39 (full 0):
 garbage-first heap   total 214016K, used 201270K [0x0000000080000000, 0x0000000100000000)
  region size 1024K, 82 young (83968K), 6 survivors (6144K)
 Metaspace       used 103936K, committed 106304K, reserved 1179648K
  class space    used 14361K, committed 15552K, reserved 1048576K
}
Event: 21.585 GC heap after
{Heap after GC invocations=40 (full 0):
 garbage-first heap   total 239616K, used 145050K [0x0000000080000000, 0x0000000100000000)
  region size 1024K, 11 young (11264K), 11 survivors (11264K)
 Metaspace       used 103936K, committed 106304K, reserved 1179648K
  class space    used 14361K, committed 15552K, reserved 1048576K
}
Event: 21.603 GC heap before
{Heap before GC invocations=40 (full 0):
 garbage-first heap   total 239616K, used 145050K [0x0000000080000000, 0x0000000100000000)
  region size 1024K, 12 young (12288K), 11 survivors (11264K)
 Metaspace       used 103936K, committed 106304K, reserved 1179648K
  class space    used 14361K, committed 15552K, reserved 1048576K
}
Event: 21.612 GC heap after
{Heap after GC invocations=41 (full 0):
 garbage-first heap   total 239616K, used 147364K [0x0000000080000000, 0x0000000100000000)
  region size 1024K, 1 young (1024K), 1 survivors (1024K)
 Metaspace       used 103936K, committed 106304K, reserved 1179648K
  class space    used 14361K, committed 15552K, reserved 1048576K
}

